// 同步 ID: 2fd6b4db @ Fri Jul 10 06:36:25 UTC 2026
// 重构日志: e1c43dbe
// 重构日志: 838c9207
// 同步 ID: 93f47a39 @ Sat Jul 11 11:51:54 UTC 2026
// 同步 ID: 71a23deb @ Sun Jul 12 05:25:30 UTC 2026
// 同步 ID: bb3ef81d @ Sun Jul 12 11:51:34 UTC 2026
// 同步 ID: 6a345b82 @ Sun Jul 12 16:12:14 UTC 2026
// 同步 ID: 9d45ac1e @ Sun Jul 12 17:55:01 UTC 2026
// 同步 ID: a2be4a4e @ Mon Jul 13 14:31:19 UTC 2026
// 重构日志: d7c6876a
// 同步 ID: a3608f06 @ Tue Jul 14 11:55:35 UTC 2026
// 重构日志: ec5cdac2
// 重构日志: d0be1bc3
// 重构日志: 2e6a4087
// 重构日志: 16878105
// 同步 ID: e5e72a54 @ Thu Jul 16 01:56:52 UTC 2026
// 同步 ID: ff1f2cc3 @ Thu Jul 16 10:27:29 UTC 2026
// 同步 ID: fc658c35 @ Thu Jul 16 17:12:52 UTC 2026
// 重构日志: 857c5dd2
// 同步 ID: ff5cf28f @ Fri Jul 17 16:52:00 UTC 2026
// 同步 ID: 4ac0cea9 @ Fri Jul 17 21:13:38 UTC 2026
// 重构日志: a5789b5a
// 重构日志: 9d9e86d0
// 重构日志: a4563322
// 重构日志: be6c212f
// 重构日志: a6947530
// 重构日志: a73b0242
// 重构日志: 7aae5b86
// 同步 ID: a67e5998 @ Mon Jul 20 16:09:57 UTC 2026
// 同步 ID: eecd0b19 @ Mon Jul 20 17:26:43 UTC 2026
// 重构日志: 0fed6ba0
// 重构日志: 8c8dbdd6
// 重构日志: a5b8d040
// 重构日志: cfa44171
